15-05-2025 12:16:41 INFO  - Iniciando carregamento da planilha: D:\Downloads\reactApp\project2Sem\dados\dados_xlsx\L01_01-2024.xlsx
15-05-2025 12:16:55 INFO  - Planilha carregada com sucesso!
15-05-2025 12:16:55 INFO  - Iniciando processamento de dados de evasão
15-05-2025 12:16:55 DEBUG - Ignorando cabeçalho
15-05-2025 12:17:11 INFO  - Processamento concluído: 393600 linhas válidas
15-05-2025 12:17:11 INFO  - Iniciando inserção de 393600 registros no banco (arquivo: D:\Downloads\reactApp\project2Sem\dados\dados_xlsx\L01_01-2024.xlsx)
15-05-2025 12:17:15 DEBUG - 1000 registros inseridos até agora…
15-05-2025 12:17:18 DEBUG - 2000 registros inseridos até agora…
15-05-2025 12:17:21 DEBUG - 3000 registros inseridos até agora…
15-05-2025 12:17:23 DEBUG - 4000 registros inseridos até agora…
15-05-2025 12:17:26 DEBUG - 5000 registros inseridos até agora…
15-05-2025 12:17:28 DEBUG - 6000 registros inseridos até agora…
15-05-2025 12:17:31 DEBUG - 7000 registros inseridos até agora…
15-05-2025 12:17:33 DEBUG - 8000 registros inseridos até agora…
15-05-2025 12:17:36 DEBUG - 9000 registros inseridos até agora…
15-05-2025 12:17:38 DEBUG - 10000 registros inseridos até agora…
15-05-2025 12:17:41 DEBUG - 11000 registros inseridos até agora…
15-05-2025 12:17:43 DEBUG - 12000 registros inseridos até agora…
15-05-2025 12:17:46 DEBUG - 13000 registros inseridos até agora…
15-05-2025 12:17:48 DEBUG - 14000 registros inseridos até agora…
15-05-2025 12:17:55 DEBUG - 15000 registros inseridos até agora…
15-05-2025 12:17:58 DEBUG - 16000 registros inseridos até agora…
15-05-2025 12:18:00 DEBUG - 17000 registros inseridos até agora…
15-05-2025 12:18:03 DEBUG - 18000 registros inseridos até agora…
15-05-2025 12:18:05 DEBUG - 19000 registros inseridos até agora…
15-05-2025 12:18:08 DEBUG - 20000 registros inseridos até agora…
15-05-2025 12:18:10 DEBUG - 21000 registros inseridos até agora…
15-05-2025 12:18:12 DEBUG - 22000 registros inseridos até agora…
15-05-2025 12:18:15 DEBUG - 23000 registros inseridos até agora…
15-05-2025 12:18:21 DEBUG - 24000 registros inseridos até agora…
15-05-2025 12:18:24 DEBUG - 25000 registros inseridos até agora…
